<?xml version="1.0" encoding="UTF-8"?>
<testsuite name="com.erebos.flu.utils.ListUtilsTest" tests="38" skipped="0" failures="0" errors="0" timestamp="2023-06-21T12:39:30" hostname="DE_NCP9F2K4KH" time="0.031">
  <properties/>
  <testcase name="testSortList()" classname="com.erebos.flu.utils.ListUtilsTest" time="0.001"/>
  <testcase name="testImmutabilityForImmutableList()" classname="com.erebos.flu.utils.ListUtilsTest" time="0.004"/>
  <testcase name="testIsListNotNullAndNotEmpty()" classname="com.erebos.flu.utils.ListUtilsTest" time="0.0"/>
  <testcase name="testGetNullableList()" classname="com.erebos.flu.utils.ListUtilsTest" time="0.0"/>
  <testcase name="testExtractMembersAsList()" classname="com.erebos.flu.utils.ListUtilsTest" time="0.001"/>
  <testcase name="testFilterItemsWhereMemberIsNotNull()" classname="com.erebos.flu.utils.ListUtilsTest" time="0.001"/>
  <testcase name="testFilterItemsWhereMemberIsNull()" classname="com.erebos.flu.utils.ListUtilsTest" time="0.001"/>
  <testcase name="testConcatenateListsOfTheSameType()" classname="com.erebos.flu.utils.ListUtilsTest" time="0.0"/>
  <testcase name="testMapAttributesByFunctionWithPredicateFilter()" classname="com.erebos.flu.utils.ListUtilsTest" time="0.0"/>
  <testcase name="testFindFirstByPredicate()" classname="com.erebos.flu.utils.ListUtilsTest" time="0.0"/>
  <testcase name="testFilterItemsWhereStringMemberIsNotNullOrEmpty()" classname="com.erebos.flu.utils.ListUtilsTest" time="0.0"/>
  <testcase name="testFilterListByPredicate()" classname="com.erebos.flu.utils.ListUtilsTest" time="0.001"/>
  <testcase name="testFindDuplicates()" classname="com.erebos.flu.utils.ListUtilsTest" time="0.0"/>
  <testcase name="[1] listOfElements=[picard], searchingElement=null, isFoundInList=false" classname="com.erebos.flu.utils.ListUtilsTest" time="0.001"/>
  <testcase name="[2] listOfElements=[], searchingElement=null, isFoundInList=false" classname="com.erebos.flu.utils.ListUtilsTest" time="0.0"/>
  <testcase name="[3] listOfElements=null, searchingElement=riker, isFoundInList=false" classname="com.erebos.flu.utils.ListUtilsTest" time="0.001"/>
  <testcase name="[4] listOfElements=[picard, riker], searchingElement=RIKER, isFoundInList=false" classname="com.erebos.flu.utils.ListUtilsTest" time="0.0"/>
  <testcase name="[5] listOfElements=[picard, riker], searchingElement=data, isFoundInList=false" classname="com.erebos.flu.utils.ListUtilsTest" time="0.0"/>
  <testcase name="[6] listOfElements=[picard, riker, null], searchingElement=picard, isFoundInList=true" classname="com.erebos.flu.utils.ListUtilsTest" time="0.0"/>
  <testcase name="[7] listOfElements=[picard, riker, null], searchingElement=, isFoundInList=false" classname="com.erebos.flu.utils.ListUtilsTest" time="0.0"/>
  <testcase name="[8] listOfElements=[1, 1000], searchingElement=2, isFoundInList=false" classname="com.erebos.flu.utils.ListUtilsTest" time="0.0"/>
  <testcase name="[9] listOfElements=[1, 1000], searchingElement=1, isFoundInList=true" classname="com.erebos.flu.utils.ListUtilsTest" time="0.0"/>
  <testcase name="[10] listOfElements=[1, 1000], searchingElement=null, isFoundInList=false" classname="com.erebos.flu.utils.ListUtilsTest" time="0.0"/>
  <testcase name="[11] listOfElements=[1, 1000], searchingElement=dummy, isFoundInList=false" classname="com.erebos.flu.utils.ListUtilsTest" time="0.0"/>
  <testcase name="[12] listOfElements=[1.0, 3.14], searchingElement=null, isFoundInList=false" classname="com.erebos.flu.utils.ListUtilsTest" time="0.0"/>
  <testcase name="[13] listOfElements=[1, 3], searchingElement=1, isFoundInList=true" classname="com.erebos.flu.utils.ListUtilsTest" time="0.0"/>
  <testcase name="[14] listOfElements=[1, 3], searchingElement=1, isFoundInList=false" classname="com.erebos.flu.utils.ListUtilsTest" time="0.0"/>
  <testcase name="testFilterItemsWhereStringMemberIsNullOrEmpty()" classname="com.erebos.flu.utils.ListUtilsTest" time="0.0"/>
  <testcase name="testImmutabilityForFinalList()" classname="com.erebos.flu.utils.ListUtilsTest" time="0.0"/>
  <testcase name="testIsListNullOrEmpty()" classname="com.erebos.flu.utils.ListUtilsTest" time="0.0"/>
  <testcase name="[1] listToCheck=null, isListNullOrEmptyCorrectResult=true" classname="com.erebos.flu.utils.ListUtilsTest" time="0.0"/>
  <testcase name="[2] listToCheck=[], isListNullOrEmptyCorrectResult=true" classname="com.erebos.flu.utils.ListUtilsTest" time="0.0"/>
  <testcase name="[3] listToCheck=[something], isListNullOrEmptyCorrectResult=false" classname="com.erebos.flu.utils.ListUtilsTest" time="0.0"/>
  <testcase name="testSumOfDoubleMemberOverAllItems()" classname="com.erebos.flu.utils.ListUtilsTest" time="0.002"/>
  <testcase name="testDistinctSetFromListProperties()" classname="com.erebos.flu.utils.ListUtilsTest" time="0.001"/>
  <testcase name="testListIntersection()" classname="com.erebos.flu.utils.ListUtilsTest" time="0.001"/>
  <testcase name="testListIntersectionByMatchingFunction()" classname="com.erebos.flu.utils.ListUtilsTest" time="0.007"/>
  <testcase name="mapAttributesByFunctionWithPredicateFilter_null_args()" classname="com.erebos.flu.utils.ListUtilsTest" time="0.001"/>
  <system-out><![CDATA[]]></system-out>
  <system-err><![CDATA[]]></system-err>
</testsuite>
