<?xml version="1.0" encoding="UTF-8"?>
<testsuite name="com.erebos.flu.utils.StringUtilsTest" tests="24" skipped="0" failures="0" errors="0" timestamp="2023-06-21T12:39:28" hostname="DE_NCP9F2K4KH" time="0.039">
  <properties/>
  <testcase name="[1] s1=s1, s2=s2, expected=s1/s2" classname="com.erebos.flu.utils.StringUtilsTest" time="0.015"/>
  <testcase name="[2] s1=s1, s2=null, expected=s1" classname="com.erebos.flu.utils.StringUtilsTest" time="0.001"/>
  <testcase name="[3] s1=null, s2=null, expected=null" classname="com.erebos.flu.utils.StringUtilsTest" time="0.0"/>
  <testcase name="[4] s1=null, s2=s2, expected=null/s2" classname="com.erebos.flu.utils.StringUtilsTest" time="0.0"/>
  <testcase name="testConcatStringsNew()" classname="com.erebos.flu.utils.StringUtilsTest" time="0.002"/>
  <testcase name="[1] stringOne=null, stringTwo=null, isEqual=false" classname="com.erebos.flu.utils.StringUtilsTest" time="0.002"/>
  <testcase name="[2] stringOne=null, stringTwo=test1, isEqual=false" classname="com.erebos.flu.utils.StringUtilsTest" time="0.0"/>
  <testcase name="[3] stringOne=test1, stringTwo=null, isEqual=false" classname="com.erebos.flu.utils.StringUtilsTest" time="0.001"/>
  <testcase name="[4] stringOne=test1, stringTwo=test1, isEqual=true" classname="com.erebos.flu.utils.StringUtilsTest" time="0.0"/>
  <testcase name="[5] stringOne=, stringTwo=, isEqual=true" classname="com.erebos.flu.utils.StringUtilsTest" time="0.0"/>
  <testcase name="[6] stringOne=test2, stringTwo=test1, isEqual=false" classname="com.erebos.flu.utils.StringUtilsTest" time="0.001"/>
  <testcase name="testValidateStringParameter()" classname="com.erebos.flu.utils.StringUtilsTest" time="0.004"/>
  <testcase name="[1] s=s1, expected=s1" classname="com.erebos.flu.utils.StringUtilsTest" time="0.0"/>
  <testcase name="[2] s=null, expected=" classname="com.erebos.flu.utils.StringUtilsTest" time="0.0"/>
  <testcase name="[3] s=, expected=" classname="com.erebos.flu.utils.StringUtilsTest" time="0.0"/>
  <testcase name="[1] value=null" classname="com.erebos.flu.utils.StringUtilsTest" time="0.0"/>
  <testcase name="[2] value=" classname="com.erebos.flu.utils.StringUtilsTest" time="0.0"/>
  <testcase name="[3] value= " classname="com.erebos.flu.utils.StringUtilsTest" time="0.0"/>
  <testcase name="[4] value=&#9;" classname="com.erebos.flu.utils.StringUtilsTest" time="0.001"/>
  <testcase name="[5] value=&#10;" classname="com.erebos.flu.utils.StringUtilsTest" time="0.0"/>
  <testcase name="testGetStringMemberFromObj()" classname="com.erebos.flu.utils.StringUtilsTest" time="0.001"/>
  <testcase name="[1] s=s1, expected=s1" classname="com.erebos.flu.utils.StringUtilsTest" time="0.0"/>
  <testcase name="[2] s=null, expected=NA" classname="com.erebos.flu.utils.StringUtilsTest" time="0.001"/>
  <testcase name="[3] s=, expected=NA" classname="com.erebos.flu.utils.StringUtilsTest" time="0.0"/>
  <system-out><![CDATA[]]></system-out>
  <system-err><![CDATA[]]></system-err>
</testsuite>
