<?xml version="1.0" encoding="UTF-8"?>
<testsuite name="com.erebos.flu.utils.GrouperUtilsTest" tests="2" skipped="0" failures="0" errors="0" timestamp="2023-06-21T12:39:28" hostname="DE_NCP9F2K4KH" time="0.004">
  <properties/>
  <testcase name="testGroupByString()" classname="com.erebos.flu.utils.GrouperUtilsTest" time="0.003"/>
  <testcase name="testGroupByEnumMember()" classname="com.erebos.flu.utils.GrouperUtilsTest" time="0.001"/>
  <system-out><![CDATA[]]></system-out>
  <system-err><![CDATA[]]></system-err>
</testsuite>
