<?xml version="1.0" encoding="UTF-8"?>
<testsuite name="com.erebos.flu.utils.MathUtilsTest" tests="32" skipped="0" failures="0" errors="0" timestamp="2023-06-21T12:39:30" hostname="DE_NCP9F2K4KH" time="0.013">
  <properties/>
  <testcase name="[1] value=0, expectedResult=false" classname="com.erebos.flu.utils.MathUtilsTest" time="0.001"/>
  <testcase name="[2] value=0.0, expectedResult=false" classname="com.erebos.flu.utils.MathUtilsTest" time="0.0"/>
  <testcase name="[3] value=0.0000000000000000000000, expectedResult=false" classname="com.erebos.flu.utils.MathUtilsTest" time="0.0"/>
  <testcase name="[4] value=0x0.0000000000000P-1022, expectedResult=false" classname="com.erebos.flu.utils.MathUtilsTest" time="0.0"/>
  <testcase name="[5] value=0.000000000000001, expectedResult=true" classname="com.erebos.flu.utils.MathUtilsTest" time="0.001"/>
  <testcase name="[6] value=0x0.0000000000001P-1022, expectedResult=true" classname="com.erebos.flu.utils.MathUtilsTest" time="0.0"/>
  <testcase name="[7] value=-0.00000000000000000001, expectedResult=true" classname="com.erebos.flu.utils.MathUtilsTest" time="0.0"/>
  <testcase name="[8] value=1.999900000000000000001, expectedResult=true" classname="com.erebos.flu.utils.MathUtilsTest" time="0.0"/>
  <testcase name="[9] value=-0.000000000000001, expectedResult=true" classname="com.erebos.flu.utils.MathUtilsTest" time="0.0"/>
  <testcase name="testAvg()" classname="com.erebos.flu.utils.MathUtilsTest" time="0.0"/>
  <testcase name="testCompoundPercentageWith0s()" classname="com.erebos.flu.utils.MathUtilsTest" time="0.0"/>
  <testcase name="[1] value=100.0000001, expectedResult=100.00" classname="com.erebos.flu.utils.MathUtilsTest" time="0.001"/>
  <testcase name="[2] value=3.1415926535897, expectedResult=3.14" classname="com.erebos.flu.utils.MathUtilsTest" time="0.0"/>
  <testcase name="[3] value=1.799, expectedResult=1.8" classname="com.erebos.flu.utils.MathUtilsTest" time="0.0"/>
  <testcase name="[4] value=2.98798, expectedResult=2.99" classname="com.erebos.flu.utils.MathUtilsTest" time="0.0"/>
  <testcase name="[5] value=2.000, expectedResult=2.00" classname="com.erebos.flu.utils.MathUtilsTest" time="0.0"/>
  <testcase name="[6] value=0.1111100, expectedResult=0.11" classname="com.erebos.flu.utils.MathUtilsTest" time="0.0"/>
  <testcase name="testGetNullableDoubleElseZero()" classname="com.erebos.flu.utils.MathUtilsTest" time="0.0"/>
  <testcase name="testAddValueByPercentage()" classname="com.erebos.flu.utils.MathUtilsTest" time="0.001"/>
  <testcase name="testCompoundPercentageMultipleYears()" classname="com.erebos.flu.utils.MathUtilsTest" time="0.0"/>
  <testcase name="testGetNullableDouble()" classname="com.erebos.flu.utils.MathUtilsTest" time="0.0"/>
  <testcase name="[1] value=100.00, expectedResult=-100.00" classname="com.erebos.flu.utils.MathUtilsTest" time="0.0"/>
  <testcase name="[2] value=-100.00, expectedResult=100.00" classname="com.erebos.flu.utils.MathUtilsTest" time="0.0"/>
  <testcase name="[3] value=-0.0, expectedResult=0.0" classname="com.erebos.flu.utils.MathUtilsTest" time="0.0"/>
  <testcase name="[4] value=-1, expectedResult=1.0" classname="com.erebos.flu.utils.MathUtilsTest" time="0.0"/>
  <testcase name="testCompoundPercentageYear1()" classname="com.erebos.flu.utils.MathUtilsTest" time="0.0"/>
  <testcase name="[1] total=0.0, value=100.00, expectedResult=0.0" classname="com.erebos.flu.utils.MathUtilsTest" time="0.0"/>
  <testcase name="[2] total=100.0, value=0.0, expectedResult=0.0" classname="com.erebos.flu.utils.MathUtilsTest" time="0.001"/>
  <testcase name="[3] total=0.0, value=0.0, expectedResult=0.0" classname="com.erebos.flu.utils.MathUtilsTest" time="0.0"/>
  <testcase name="testAvgFromList()" classname="com.erebos.flu.utils.MathUtilsTest" time="0.0"/>
  <testcase name="calculatePercentageValueSimple()" classname="com.erebos.flu.utils.MathUtilsTest" time="0.0"/>
  <testcase name="testCalculateSum()" classname="com.erebos.flu.utils.MathUtilsTest" time="0.0"/>
  <system-out><![CDATA[]]></system-out>
  <system-err><![CDATA[]]></system-err>
</testsuite>
