<?xml version="1.0" encoding="UTF-8"?>
<testsuite name="com.erebos.flu.utils.depreciation.DepreciationCalculationTest" tests="21" skipped="0" failures="0" errors="0" timestamp="2023-06-21T12:39:30" hostname="DE_NCP9F2K4KH" time="0.009">
  <properties/>
  <testcase name="[1] calculationYear=2022, purchasingDate=2023-03-01, purchaseAmount=200000.0, lifeTimeInMonths=0, expectedNetBookValueEnd=0.0, testCase=Year(purchasingDate) &gt; calculationYear" classname="com.erebos.flu.utils.depreciation.DepreciationCalculationTest" time="0.002"/>
  <testcase name="[2] calculationYear=2022, purchasingDate=2011-03-01, purchaseAmount=200000.0, lifeTimeInMonths=0, expectedNetBookValueEnd=200000.0, testCase=LifeTimeInYears == 0" classname="com.erebos.flu.utils.depreciation.DepreciationCalculationTest" time="0.0"/>
  <testcase name="[3] calculationYear=2022, purchasingDate=2011-03-01, purchaseAmount=200000.0, lifeTimeInMonths=11988, expectedNetBookValueEnd=200000.0, testCase=LifeTimeInYears == 999" classname="com.erebos.flu.utils.depreciation.DepreciationCalculationTest" time="0.0"/>
  <testcase name="[4] calculationYear=2022, purchasingDate=2012-06-01, purchaseAmount=200000.0, lifeTimeInMonths=120, expectedNetBookValueEnd=0.0, testCase=LastDepreciationYear &lt; calculationYear + 1" classname="com.erebos.flu.utils.depreciation.DepreciationCalculationTest" time="0.0"/>
  <testcase name="[5] calculationYear=2022, purchasingDate=2020-05-01, purchaseAmount=200000.0, lifeTimeInMonths=120, expectedNetBookValueEnd=146666.6666666667, testCase=else" classname="com.erebos.flu.utils.depreciation.DepreciationCalculationTest" time="0.0"/>
  <testcase name="[6] calculationYear=2022, purchasingDate=null, purchaseAmount=200000.0, lifeTimeInMonths=120, expectedNetBookValueEnd=0, testCase=null LocalDate" classname="com.erebos.flu.utils.depreciation.DepreciationCalculationTest" time="0.0"/>
  <testcase name="[1] calculationYear=2022, purchasingDate=2023-03-01, purchaseAmount=200000.0, lifeTimeInMonths=120, expectedNetBookValueBegin=0.0, testCase=Year(purchasingDate) &gt; calculationYear" classname="com.erebos.flu.utils.depreciation.DepreciationCalculationTest" time="0.0"/>
  <testcase name="[2] calculationYear=2022, purchasingDate=2022-03-01, purchaseAmount=200000.0, lifeTimeInMonths=120, expectedNetBookValueBegin=0.0, testCase=Year(purchasingDate) == calculationYear" classname="com.erebos.flu.utils.depreciation.DepreciationCalculationTest" time="0.0"/>
  <testcase name="[3] calculationYear=2022, purchasingDate=2011-03-01, purchaseAmount=200000.0, lifeTimeInMonths=0, expectedNetBookValueBegin=200000.0, testCase=LifeTimeInYears == 0" classname="com.erebos.flu.utils.depreciation.DepreciationCalculationTest" time="0.0"/>
  <testcase name="[4] calculationYear=2022, purchasingDate=2011-03-01, purchaseAmount=200000.0, lifeTimeInMonths=11988, expectedNetBookValueBegin=200000.0, testCase=LifeTimeInYears == 999" classname="com.erebos.flu.utils.depreciation.DepreciationCalculationTest" time="0.0"/>
  <testcase name="[5] calculationYear=2022, purchasingDate=2011-04-01, purchaseAmount=200000.0, lifeTimeInMonths=120, expectedNetBookValueBegin=0.0, testCase=LastDepreciationYear &lt; calculationYear" classname="com.erebos.flu.utils.depreciation.DepreciationCalculationTest" time="0.0"/>
  <testcase name="[6] calculationYear=2022, purchasingDate=2020-05-01, purchaseAmount=200000.0, lifeTimeInMonths=120, expectedNetBookValueBegin=166666.6666666667, testCase=else" classname="com.erebos.flu.utils.depreciation.DepreciationCalculationTest" time="0.0"/>
  <testcase name="[7] calculationYear=2022, purchasingDate=null, purchaseAmount=200000.0, lifeTimeInMonths=120, expectedNetBookValueBegin=0, testCase=null LocalDate" classname="com.erebos.flu.utils.depreciation.DepreciationCalculationTest" time="0.0"/>
  <testcase name="[1] calculationYear=2022, purchasingDate=2023-03-01, purchaseAmount=200000.0, lifeTimeInMonths=0, expectedDepreciationValue=0.0, testCase=Year(purchasingDate) &gt; calculationYear" classname="com.erebos.flu.utils.depreciation.DepreciationCalculationTest" time="0.0"/>
  <testcase name="[2] calculationYear=2022, purchasingDate=2011-03-01, purchaseAmount=200000.0, lifeTimeInMonths=0, expectedDepreciationValue=0.0, testCase=LifeTimeInYears == 0" classname="com.erebos.flu.utils.depreciation.DepreciationCalculationTest" time="0.001"/>
  <testcase name="[3] calculationYear=2022, purchasingDate=2011-03-01, purchaseAmount=200000.0, lifeTimeInMonths=11988, expectedDepreciationValue=0.0, testCase=LifeTimeInYears == 999" classname="com.erebos.flu.utils.depreciation.DepreciationCalculationTest" time="0.0"/>
  <testcase name="[4] calculationYear=2022, purchasingDate=2011-04-01, purchaseAmount=200000.0, lifeTimeInMonths=120, expectedDepreciationValue=0.0, testCase=LastDepreciationYear &lt; calculationYear" classname="com.erebos.flu.utils.depreciation.DepreciationCalculationTest" time="0.0"/>
  <testcase name="[5] calculationYear=2022, purchasingDate=2022-03-01, purchaseAmount=200000.0, lifeTimeInMonths=120, expectedDepreciationValue=16666.666666666668, testCase=Year(purchasingDate) == calculationYear" classname="com.erebos.flu.utils.depreciation.DepreciationCalculationTest" time="0.0"/>
  <testcase name="[6] calculationYear=2022, purchasingDate=2012-10-01, purchaseAmount=200000.0, lifeTimeInMonths=120, expectedDepreciationValue=15000.0, testCase=LastDepreciationYear == calculationYear" classname="com.erebos.flu.utils.depreciation.DepreciationCalculationTest" time="0.0"/>
  <testcase name="[7] calculationYear=2022, purchasingDate=2020-05-01, purchaseAmount=200000.0, lifeTimeInMonths=120, expectedDepreciationValue=20000.0, testCase=else" classname="com.erebos.flu.utils.depreciation.DepreciationCalculationTest" time="0.0"/>
  <testcase name="[8] calculationYear=2022, purchasingDate=null, purchaseAmount=200000.0, lifeTimeInMonths=120, expectedDepreciationValue=0, testCase=null LocalDate" classname="com.erebos.flu.utils.depreciation.DepreciationCalculationTest" time="0.0"/>
  <system-out><![CDATA[]]></system-out>
  <system-err><![CDATA[]]></system-err>
</testsuite>
