<?xml version="1.0" encoding="UTF-8"?>
<testsuite name="com.erebos.flu.utils.DateUtilsTest" tests="19" skipped="0" failures="0" errors="0" timestamp="2023-06-21T12:39:28" hostname="DE_NCP9F2K4KH" time="0.019">
  <properties/>
  <testcase name="[1] date=99-12-13" classname="com.erebos.flu.utils.DateUtilsTest" time="0.002"/>
  <testcase name="[2] date=01.01.21" classname="com.erebos.flu.utils.DateUtilsTest" time="0.001"/>
  <testcase name="testConvertToLocalDate()" classname="com.erebos.flu.utils.DateUtilsTest" time="0.003"/>
  <testcase name="[1] dateString=2019-12-13, expectedYear=2019" classname="com.erebos.flu.utils.DateUtilsTest" time="0.003"/>
  <testcase name="[2] dateString=01.01.2018, expectedYear=2018" classname="com.erebos.flu.utils.DateUtilsTest" time="0.001"/>
  <testcase name="testConvertToDate()" classname="com.erebos.flu.utils.DateUtilsTest" time="0.0"/>
  <testcase name="[1] dateString=2000-12-41" classname="com.erebos.flu.utils.DateUtilsTest" time="0.0"/>
  <testcase name="[2] dateString=01.14.2000" classname="com.erebos.flu.utils.DateUtilsTest" time="0.0"/>
  <testcase name="[3] dateString=01/12.2000" classname="com.erebos.flu.utils.DateUtilsTest" time="0.0"/>
  <testcase name="testGetDateFromStringWithMissingString()" classname="com.erebos.flu.utils.DateUtilsTest" time="0.0"/>
  <testcase name="[1] dateString=2019-12-13, expectedMonth=12" classname="com.erebos.flu.utils.DateUtilsTest" time="0.001"/>
  <testcase name="[2] dateString=01.01.2018, expectedMonth=01" classname="com.erebos.flu.utils.DateUtilsTest" time="0.0"/>
  <testcase name="testGetDateFromStringWithMissingPattern()" classname="com.erebos.flu.utils.DateUtilsTest" time="0.001"/>
  <testcase name="testFormatToString()" classname="com.erebos.flu.utils.DateUtilsTest" time="0.0"/>
  <testcase name="[1] dateString=01.12.2000, expectedPattern=dd.MM.yyyy" classname="com.erebos.flu.utils.DateUtilsTest" time="0.001"/>
  <testcase name="[2] dateString=1.1.2000, expectedPattern=dd.MM.yyyy" classname="com.erebos.flu.utils.DateUtilsTest" time="0.0"/>
  <testcase name="[3] dateString=2000-12-01, expectedPattern=yyyy-MM-dd" classname="com.erebos.flu.utils.DateUtilsTest" time="0.0"/>
  <testcase name="[4] dateString=2000-12-01, expectedPattern=yyyy-MM-dd" classname="com.erebos.flu.utils.DateUtilsTest" time="0.0"/>
  <testcase name="testFormatToStringWithMissingString()" classname="com.erebos.flu.utils.DateUtilsTest" time="0.0"/>
  <system-out><![CDATA[]]></system-out>
  <system-err><![CDATA[]]></system-err>
</testsuite>
